<?xml version="1.0" encoding="UTF-8"?>
<testsuite name="org.alo4j.helper.formatter.ObjectDetailFormatterTest" tests="8" skipped="0" failures="0" errors="0" timestamp="2016-02-13T11:55:02" hostname="yonghyun-desktop" time="0.007">
  <properties/>
  <testcase name="integer_primitive_wrapper_type" classname="org.alo4j.helper.formatter.ObjectDetailFormatterTest" time="0.002"/>
  <testcase name="printVariable_various_type_object" classname="org.alo4j.helper.formatter.ObjectDetailFormatterTest" time="0.002"/>
  <testcase name="String_primitive_type" classname="org.alo4j.helper.formatter.ObjectDetailFormatterTest" time="0.0"/>
  <testcase name="printVariable_map_type" classname="org.alo4j.helper.formatter.ObjectDetailFormatterTest" time="0.001"/>
  <testcase name="printVariable_one_primitive_variable" classname="org.alo4j.helper.formatter.ObjectDetailFormatterTest" time="0.0"/>
  <testcase name="printVariable_one_collection_type" classname="org.alo4j.helper.formatter.ObjectDetailFormatterTest" time="0.001"/>
  <testcase name="integer_primitive_type" classname="org.alo4j.helper.formatter.ObjectDetailFormatterTest" time="0.0"/>
  <testcase name="printVariable_multiple_Iterable_type" classname="org.alo4j.helper.formatter.ObjectDetailFormatterTest" time="0.0"/>
  <system-out><![CDATA[]]></system-out>
  <system-err><![CDATA[]]></system-err>
</testsuite>
